Flutter crash report.
Please report a bug at https://github.com/flutter/flutter/issues.

## command

flutter run -d chrome

## exception

RPCError: ext.flutter.debugDumpFocusTree: (-32603) Unexpected DWDS error for callServiceExtension: Unexpected error from chrome devtools:
text: Uncaught (in promise)
exception:
  preview: null
  description: null
  type: string
  value: Unexpected null value.
attempted JS eval: `require("dart_sdk").developer.invokeExtension(
    "ext.flutter.debugDumpFocusTree", JSON.stringify({}));
`


```
#0      new _OutstandingRequest (package:vm_service/src/vm_service.dart:1928:45)
#1      VmService._call (package:vm_service/src/vm_service.dart:2493:21)
#2      VmService.callServiceExtension (package:vm_service/src/vm_service.dart:2464:14)
#3      FlutterVmService._checkedCallServiceExtension (package:flutter_tools/src/vmservice.dart:959:28)
#4      FlutterVmService.invokeFlutterExtensionRpcRaw (package:flutter_tools/src/vmservice.dart:978:49)
#5      FlutterVmService.flutterDebugDumpFocusTree (package:flutter_tools/src/vmservice.dart:723:50)
#6      ResidentHandlers.debugDumpFocusTree (package:flutter_tools/src/resident_runner.dart:772:53)
<asynchronous suspension>
#7      TerminalHandler.processTerminalInput (package:flutter_tools/src/resident_runner.dart:1831:7)
<asynchronous suspension>
```

## flutter doctor

```
[32m[✓][39m Flutter (Channel stable, 3.13.6, on macOS 13.5 22G74 darwin-arm64 (Rosetta), locale en-ZA)
    [32m•[39m Flutter version 3.13.6 on channel stable at /Users/matipamarufu/flutter
    [32m•[39m Upstream repository https://github.com/flutter/flutter.git
    [32m•[39m Framework revision ead455963c (4 weeks ago), 2023-09-26 18:28:17 -0700
    [32m•[39m Engine revision a794cf2681
    [32m•[39m Dart version 3.1.3
    [32m•[39m DevTools version 2.25.0

[33m[!][39m Android toolchain - develop for Android devices (Android SDK version 34.0.0)
    [32m•[39m Android SDK at /Users/matipamarufu/Library/Android/sdk
    [31m✗[39m cmdline-tools component is missing
      Run `path/to/sdkmanager --install "cmdline-tools;latest"`
      See https://developer.android.com/studio/command-line for more details.
    [31m✗[39m Android license status unknown.
      Run `flutter doctor --android-licenses` to accept the SDK licenses.
      See https://flutter.dev/docs/get-started/install/macos#android-setup for more details.

[32m[✓][39m Xcode - develop for iOS and macOS (Xcode 14.3.1)
    [32m•[39m Xcode at /Applications/Xcode .app/Contents/Developer
    [32m•[39m Build 14E300c
    [32m•[39m CocoaPods version 1.13.0

[32m[✓][39m Chrome - develop for the web
    [32m•[39m Chrome at /Applications/Google Chrome.app/Contents/MacOS/Google Chrome

[32m[✓][39m Android Studio (version 2022.3)
    [32m•[39m Android Studio at /Applications/Android Studio.app/Contents
    [32m•[39m Flutter plugin can be installed from:
      🔨 https://plugins.jetbrains.com/plugin/9212-flutter
    [32m•[39m Dart plugin can be installed from:
      🔨 https://plugins.jetbrains.com/plugin/6351-dart
    [32m•[39m Java version OpenJDK Runtime Environment (build 17.0.6+0-17.0.6b829.9-10027231)

[32m[✓][39m VS Code (version 1.80.1)
    [32m•[39m VS Code at /Applications/Visual Studio Code.app/Contents
    [32m•[39m Flutter extension version 3.74.0

[32m[✓][39m VS Code (version 1.83.0)
    [32m•[39m VS Code at /Users/matipamarufu/Applications/Visual Studio Code.app/Contents
    [32m•[39m Flutter extension version 3.74.0

[32m[✓][39m Connected device (2 available)
    [32m•[39m macOS (desktop) • macos  • darwin-arm64   • macOS 13.5 22G74 darwin-arm64 (Rosetta)
    [32m•[39m Chrome (web)    • chrome • web-javascript • Google Chrome 118.0.5993.88

[33m[!][39m Network resources
    [31m✗[39m A network error occurred while checking "https://cocoapods.org/": Connection reset by peer

[33m![39m Doctor found issues in 2 categories.
```
